[ 2015-11-08T03:48:06+08:00 ] 192.168.1.101 /GoodsCategory/index
INFO: [ app_init ] --START--
INFO: Run Behavior\BuildLiteBehavior [ RunTime:0.000064s ]
INFO: [ app_init ] --END-- [ RunTime:0.003911s ]
INFO: [ app_begin ] --START--
INFO: Run Behavior\ReadHtmlCacheBehavior [ RunTime:0.004060s ]
INFO: [ app_begin ] --END-- [ RunTime:0.004230s ]
NOTIC: [2048] Declaration of Admin\Model\GoodsCategoryModel::add() should be compatible with Think\Model::add($data = '', $options = Array, $replace = false) /home/www/shop/admin.shop.com/Application/Admin/Model/GoodsCategoryModel.class.php 第 9 行.
NOTIC: [2048] Declaration of Admin\Model\GoodsCategoryModel::save() should be compatible with Think\Model::save($data = '', $options = Array) /home/www/shop/admin.shop.com/Application/Admin/Model/GoodsCategoryModel.class.php 第 9 行.
SQL: SHOW COLUMNS FROM `goods_category` [ RunTime:0.0036s ]
SQL: SELECT * FROM `goods_category` WHERE ( status>=0 ) ORDER BY lft  [ RunTime:0.0023s ]
INFO: [ view_parse ] --START--
INFO: [ template_filter ] --START--
INFO: Run Behavior\ContentReplaceBehavior [ RunTime:0.000372s ]
INFO: [ template_filter ] --END-- [ RunTime:0.000693s ]
INFO: Run Behavior\ParseTemplateBehavior [ RunTime:0.063030s ]
INFO: [ view_parse ] --END-- [ RunTime:0.063221s ]
INFO: [ view_filter ] --START--
INFO: Run Behavior\WriteHtmlCacheBehavior [ RunTime:0.003504s ]
INFO: [ view_filter ] --END-- [ RunTime:0.003727s ]
INFO: [ app_end ] --START--
INFO: Run Behavior\ShowPageTraceBehavior [ RunTime:0.007749s ]
INFO: [ app_end ] --END-- [ RunTime:0.008144s ]

[ 2015-11-08T03:48:08+08:00 ] 192.168.1.101 /favicon.ico
INFO: [ app_init ] --START--
INFO: Run Behavior\BuildLiteBehavior [ RunTime:0.000075s ]
INFO: [ app_init ] --END-- [ RunTime:0.001320s ]

[ 2015-11-08T03:48:16+08:00 ] 192.168.1.101 /index.php/GoodsCategory/edit/id/11.html
INFO: [ app_init ] --START--
INFO: Run Behavior\BuildLiteBehavior [ RunTime:0.000048s ]
INFO: [ app_init ] --END-- [ RunTime:0.001027s ]
INFO: [ app_begin ] --START--
INFO: Run Behavior\ReadHtmlCacheBehavior [ RunTime:0.000539s ]
INFO: [ app_begin ] --END-- [ RunTime:0.000864s ]
NOTIC: [2048] Declaration of Admin\Model\GoodsCategoryModel::add() should be compatible with Think\Model::add($data = '', $options = Array, $replace = false) /home/www/shop/admin.shop.com/Application/Admin/Model/GoodsCategoryModel.class.php 第 9 行.
NOTIC: [2048] Declaration of Admin\Model\GoodsCategoryModel::save() should be compatible with Think\Model::save($data = '', $options = Array) /home/www/shop/admin.shop.com/Application/Admin/Model/GoodsCategoryModel.class.php 第 9 行.
SQL: SHOW COLUMNS FROM `goods_category` [ RunTime:0.0030s ]
SQL: SELECT * FROM `goods_category` WHERE `id` = 11 LIMIT 1   [ RunTime:0.0301s ]
SQL: SELECT * FROM `goods_category` WHERE ( status>=0 ) ORDER BY lft  [ RunTime:0.0010s ]
INFO: [ view_parse ] --START--
INFO: [ template_filter ] --START--
INFO: Run Behavior\ContentReplaceBehavior [ RunTime:0.000354s ]
INFO: [ template_filter ] --END-- [ RunTime:0.000511s ]
INFO: Run Behavior\ParseTemplateBehavior [ RunTime:0.047147s ]
INFO: [ view_parse ] --END-- [ RunTime:0.047466s ]
INFO: [ view_filter ] --START--
INFO: Run Behavior\WriteHtmlCacheBehavior [ RunTime:0.000135s ]
INFO: [ view_filter ] --END-- [ RunTime:0.000331s ]
INFO: [ app_end ] --START--
INFO: Run Behavior\ShowPageTraceBehavior [ RunTime:0.000220s ]
INFO: [ app_end ] --END-- [ RunTime:0.000331s ]

[ 2015-11-08T03:48:21+08:00 ] 192.168.1.101 /index.php/GoodsCategory/edit.html
INFO: [ app_init ] --START--
INFO: Run Behavior\BuildLiteBehavior [ RunTime:0.000047s ]
INFO: [ app_init ] --END-- [ RunTime:0.000814s ]
INFO: [ app_begin ] --START--
INFO: Run Behavior\ReadHtmlCacheBehavior [ RunTime:0.000219s ]
INFO: [ app_begin ] --END-- [ RunTime:0.000438s ]
NOTIC: [2048] Declaration of Admin\Model\GoodsCategoryModel::add() should be compatible with Think\Model::add($data = '', $options = Array, $replace = false) /home/www/shop/admin.shop.com/Application/Admin/Model/GoodsCategoryModel.class.php 第 9 行.
NOTIC: [2048] Declaration of Admin\Model\GoodsCategoryModel::save() should be compatible with Think\Model::save($data = '', $options = Array) /home/www/shop/admin.shop.com/Application/Admin/Model/GoodsCategoryModel.class.php 第 9 行.
SQL: SHOW COLUMNS FROM `goods_category` [ RunTime:0.0044s ]
NOTIC: [4096] Argument 2 passed to Admin\Model\DbMysqlInterfaceImplModel::getRow() must be of the type array, string given, called in /home/www/shop/admin.shop.com/Application/Admin/Service/NestedSetsService.class.php on line 571 and defined /home/www/shop/admin.shop.com/Application/Admin/Model/DbMysqlInterfaceImplModel.class.php 第 80 行.
NOTIC: [8] Undefined offset: 7 /home/www/shop/admin.shop.com/Application/Admin/Model/DbMysqlInterfaceImplModel.class.php 第 99 行.
SQL: SELECT parent_id, lft, rght, level FROM goods_category WHERE id = 11 [ RunTime:0.0010s ]
NOTIC: [4096] Argument 2 passed to Admin\Model\DbMysqlInterfaceImplModel::getRow() must be of the type array, string given, called in /home/www/shop/admin.shop.com/Application/Admin/Service/NestedSetsService.class.php on line 571 and defined /home/www/shop/admin.shop.com/Application/Admin/Model/DbMysqlInterfaceImplModel.class.php 第 80 行.
NOTIC: [8] Undefined offset: 7 /home/www/shop/admin.shop.com/Application/Admin/Model/DbMysqlInterfaceImplModel.class.php 第 99 行.
SQL: SELECT parent_id, lft, rght, level FROM goods_category WHERE id = 4 [ RunTime:0.0006s ]
NOTIC: [4096] Argument 2 passed to Admin\Model\DbMysqlInterfaceImplModel::query() must be of the type array, string given, called in /home/www/shop/admin.shop.com/Application/Admin/Service/NestedSetsService.class.php on line 468 and defined /home/www/shop/admin.shop.com/Application/Admin/Model/DbMysqlInterfaceImplModel.class.php 第 32 行.
NOTIC: [8] Undefined offset: 36 /home/www/shop/admin.shop.com/Application/Admin/Model/DbMysqlInterfaceImplModel.class.php 第 99 行.
SQL: 
				UPDATE goods_category
				SET
					lft = IF(
						rght <= 34,
						lft + 9,
						IF(
							lft > 34,
							lft - 10, lft
						)
					),
					level = IF(
						rght <= 34,
						level + 1,
						level
					),
					rght = IF(
						rght <= 34,
						rght + 9,
						IF(
							rght <= 43,
							rght - 10,
							rght
						)
					),
					parent_id = IF(
						id = 11,
						4,
						parent_id
					)
				WHERE
					rght > 25
					AND lft <= 43 [ RunTime:0.0024s ]
SQL: UPDATE `goods_category` SET `name`='测试移动和编辑',`parent_id`='4',`intro`='测试移动修改',`status`='1',`sort`='20' WHERE `id` = 11 [ RunTime:0.0008s ]
INFO: [ view_parse ] --START--
INFO: [ template_filter ] --START--
INFO: Run Behavior\ContentReplaceBehavior [ RunTime:0.000235s ]
INFO: [ template_filter ] --END-- [ RunTime:0.000387s ]
INFO: Run Behavior\ParseTemplateBehavior [ RunTime:0.019845s ]
INFO: [ view_parse ] --END-- [ RunTime:0.020254s ]
INFO: [ view_filter ] --START--
INFO: Run Behavior\WriteHtmlCacheBehavior [ RunTime:0.000132s ]
INFO: [ view_filter ] --END-- [ RunTime:0.000221s ]
INFO: [ app_end ] --START--
INFO: Run Behavior\ShowPageTraceBehavior [ RunTime:0.000219s ]
INFO: [ app_end ] --END-- [ RunTime:0.000321s ]

[ 2015-11-08T03:48:22+08:00 ] 192.168.1.101 /GoodsCategory/index
INFO: [ app_init ] --START--
INFO: Run Behavior\BuildLiteBehavior [ RunTime:0.000049s ]
INFO: [ app_init ] --END-- [ RunTime:0.001010s ]
INFO: [ app_begin ] --START--
INFO: Run Behavior\ReadHtmlCacheBehavior [ RunTime:0.000316s ]
INFO: [ app_begin ] --END-- [ RunTime:0.000557s ]
NOTIC: [2048] Declaration of Admin\Model\GoodsCategoryModel::add() should be compatible with Think\Model::add($data = '', $options = Array, $replace = false) /home/www/shop/admin.shop.com/Application/Admin/Model/GoodsCategoryModel.class.php 第 9 行.
NOTIC: [2048] Declaration of Admin\Model\GoodsCategoryModel::save() should be compatible with Think\Model::save($data = '', $options = Array) /home/www/shop/admin.shop.com/Application/Admin/Model/GoodsCategoryModel.class.php 第 9 行.
SQL: SHOW COLUMNS FROM `goods_category` [ RunTime:0.0029s ]
SQL: SELECT * FROM `goods_category` WHERE ( status>=0 ) ORDER BY lft  [ RunTime:0.0013s ]
INFO: [ view_parse ] --START--
INFO: [ template_filter ] --START--
INFO: Run Behavior\ContentReplaceBehavior [ RunTime:0.000213s ]
INFO: [ template_filter ] --END-- [ RunTime:0.000571s ]
INFO: Run Behavior\ParseTemplateBehavior [ RunTime:0.030626s ]
INFO: [ view_parse ] --END-- [ RunTime:0.031070s ]
INFO: [ view_filter ] --START--
INFO: Run Behavior\WriteHtmlCacheBehavior [ RunTime:0.000173s ]
INFO: [ view_filter ] --END-- [ RunTime:0.000311s ]
INFO: [ app_end ] --START--
INFO: Run Behavior\ShowPageTraceBehavior [ RunTime:0.000345s ]
INFO: [ app_end ] --END-- [ RunTime:0.000456s ]

[ 2015-11-08T03:48:32+08:00 ] 192.168.1.101 /GoodsCategory/index
INFO: [ app_init ] --START--
INFO: Run Behavior\BuildLiteBehavior [ RunTime:0.000046s ]
INFO: [ app_init ] --END-- [ RunTime:0.000739s ]
INFO: [ app_begin ] --START--
INFO: Run Behavior\ReadHtmlCacheBehavior [ RunTime:0.000407s ]
INFO: [ app_begin ] --END-- [ RunTime:0.000644s ]
NOTIC: [2048] Declaration of Admin\Model\GoodsCategoryModel::add() should be compatible with Think\Model::add($data = '', $options = Array, $replace = false) /home/www/shop/admin.shop.com/Application/Admin/Model/GoodsCategoryModel.class.php 第 9 行.
NOTIC: [2048] Declaration of Admin\Model\GoodsCategoryModel::save() should be compatible with Think\Model::save($data = '', $options = Array) /home/www/shop/admin.shop.com/Application/Admin/Model/GoodsCategoryModel.class.php 第 9 行.
SQL: SHOW COLUMNS FROM `goods_category` [ RunTime:0.0028s ]
SQL: SELECT * FROM `goods_category` WHERE ( status>=0 ) ORDER BY lft  [ RunTime:0.0014s ]
INFO: [ view_parse ] --START--
INFO: [ template_filter ] --START--
INFO: Run Behavior\ContentReplaceBehavior [ RunTime:0.000260s ]
INFO: [ template_filter ] --END-- [ RunTime:0.000612s ]
INFO: Run Behavior\ParseTemplateBehavior [ RunTime:0.034366s ]
INFO: [ view_parse ] --END-- [ RunTime:0.035064s ]
INFO: [ view_filter ] --START--
INFO: Run Behavior\WriteHtmlCacheBehavior [ RunTime:0.000167s ]
INFO: [ view_filter ] --END-- [ RunTime:0.000264s ]
INFO: [ app_end ] --START--
INFO: Run Behavior\ShowPageTraceBehavior [ RunTime:0.000248s ]
INFO: [ app_end ] --END-- [ RunTime:0.000364s ]

[ 2015-11-08T03:48:33+08:00 ] 192.168.1.101 /favicon.ico
INFO: [ app_init ] --START--
INFO: Run Behavior\BuildLiteBehavior [ RunTime:0.000054s ]
INFO: [ app_init ] --END-- [ RunTime:0.001096s ]

[ 2015-11-08T03:48:35+08:00 ] 192.168.1.101 /index.php/GoodsCategory/edit/id/11.html
INFO: [ app_init ] --START--
INFO: Run Behavior\BuildLiteBehavior [ RunTime:0.000051s ]
INFO: [ app_init ] --END-- [ RunTime:0.000837s ]
INFO: [ app_begin ] --START--
INFO: Run Behavior\ReadHtmlCacheBehavior [ RunTime:0.000344s ]
INFO: [ app_begin ] --END-- [ RunTime:0.000570s ]
NOTIC: [2048] Declaration of Admin\Model\GoodsCategoryModel::add() should be compatible with Think\Model::add($data = '', $options = Array, $replace = false) /home/www/shop/admin.shop.com/Application/Admin/Model/GoodsCategoryModel.class.php 第 9 行.
NOTIC: [2048] Declaration of Admin\Model\GoodsCategoryModel::save() should be compatible with Think\Model::save($data = '', $options = Array) /home/www/shop/admin.shop.com/Application/Admin/Model/GoodsCategoryModel.class.php 第 9 行.
SQL: SHOW COLUMNS FROM `goods_category` [ RunTime:0.0033s ]
SQL: SELECT * FROM `goods_category` WHERE `id` = 11 LIMIT 1   [ RunTime:0.0013s ]
SQL: SELECT * FROM `goods_category` WHERE ( status>=0 ) ORDER BY lft  [ RunTime:0.0026s ]
INFO: [ view_parse ] --START--
INFO: [ template_filter ] --START--
INFO: Run Behavior\ContentReplaceBehavior [ RunTime:0.000321s ]
INFO: [ template_filter ] --END-- [ RunTime:0.000476s ]
INFO: Run Behavior\ParseTemplateBehavior [ RunTime:0.028114s ]
INFO: [ view_parse ] --END-- [ RunTime:0.028529s ]
INFO: [ view_filter ] --START--
INFO: Run Behavior\WriteHtmlCacheBehavior [ RunTime:0.000232s ]
INFO: [ view_filter ] --END-- [ RunTime:0.000334s ]
INFO: [ app_end ] --START--
INFO: Run Behavior\ShowPageTraceBehavior [ RunTime:0.000343s ]
INFO: [ app_end ] --END-- [ RunTime:0.000460s ]

[ 2015-11-08T03:48:46+08:00 ] 192.168.1.101 /index.php/GoodsCategory/edit.html
INFO: [ app_init ] --START--
INFO: Run Behavior\BuildLiteBehavior [ RunTime:0.000050s ]
INFO: [ app_init ] --END-- [ RunTime:0.000976s ]
INFO: [ app_begin ] --START--
INFO: Run Behavior\ReadHtmlCacheBehavior [ RunTime:0.000313s ]
INFO: [ app_begin ] --END-- [ RunTime:0.000536s ]
NOTIC: [2048] Declaration of Admin\Model\GoodsCategoryModel::add() should be compatible with Think\Model::add($data = '', $options = Array, $replace = false) /home/www/shop/admin.shop.com/Application/Admin/Model/GoodsCategoryModel.class.php 第 9 行.
NOTIC: [2048] Declaration of Admin\Model\GoodsCategoryModel::save() should be compatible with Think\Model::save($data = '', $options = Array) /home/www/shop/admin.shop.com/Application/Admin/Model/GoodsCategoryModel.class.php 第 9 行.
SQL: SHOW COLUMNS FROM `goods_category` [ RunTime:0.0037s ]
NOTIC: [4096] Argument 2 passed to Admin\Model\DbMysqlInterfaceImplModel::getRow() must be of the type array, string given, called in /home/www/shop/admin.shop.com/Application/Admin/Service/NestedSetsService.class.php on line 571 and defined /home/www/shop/admin.shop.com/Application/Admin/Model/DbMysqlInterfaceImplModel.class.php 第 80 行.
NOTIC: [8] Undefined offset: 7 /home/www/shop/admin.shop.com/Application/Admin/Model/DbMysqlInterfaceImplModel.class.php 第 99 行.
SQL: SELECT parent_id, lft, rght, level FROM goods_category WHERE id = 11 [ RunTime:0.0013s ]
NOTIC: [4096] Argument 2 passed to Admin\Model\DbMysqlInterfaceImplModel::getRow() must be of the type array, string given, called in /home/www/shop/admin.shop.com/Application/Admin/Service/NestedSetsService.class.php on line 571 and defined /home/www/shop/admin.shop.com/Application/Admin/Model/DbMysqlInterfaceImplModel.class.php 第 80 行.
NOTIC: [8] Undefined offset: 7 /home/www/shop/admin.shop.com/Application/Admin/Model/DbMysqlInterfaceImplModel.class.php 第 99 行.
SQL: SELECT parent_id, lft, rght, level FROM goods_category WHERE id = 4 [ RunTime:0.0010s ]
INFO: [ view_parse ] --START--
INFO: [ template_filter ] --START--
INFO: Run Behavior\ContentReplaceBehavior [ RunTime:0.000337s ]
INFO: [ template_filter ] --END-- [ RunTime:0.000771s ]
INFO: Run Behavior\ParseTemplateBehavior [ RunTime:0.014730s ]
INFO: [ view_parse ] --END-- [ RunTime:0.015422s ]
INFO: [ view_filter ] --START--
INFO: Run Behavior\WriteHtmlCacheBehavior [ RunTime:0.000236s ]
INFO: [ view_filter ] --END-- [ RunTime:0.000559s ]

[ 2015-11-08T03:48:56+08:00 ] 192.168.1.101 /index.php/GoodsCategory/edit.html
INFO: [ app_init ] --START--
INFO: Run Behavior\BuildLiteBehavior [ RunTime:0.000090s ]
INFO: [ app_init ] --END-- [ RunTime:0.002109s ]
INFO: [ app_begin ] --START--
INFO: Run Behavior\ReadHtmlCacheBehavior [ RunTime:0.000566s ]
INFO: [ app_begin ] --END-- [ RunTime:0.000936s ]
NOTIC: [2048] Declaration of Admin\Model\GoodsCategoryModel::add() should be compatible with Think\Model::add($data = '', $options = Array, $replace = false) /home/www/shop/admin.shop.com/Application/Admin/Model/GoodsCategoryModel.class.php 第 9 行.
NOTIC: [2048] Declaration of Admin\Model\GoodsCategoryModel::save() should be compatible with Think\Model::save($data = '', $options = Array) /home/www/shop/admin.shop.com/Application/Admin/Model/GoodsCategoryModel.class.php 第 9 行.
SQL: SHOW COLUMNS FROM `goods_category` [ RunTime:0.0028s ]
NOTIC: [4096] Argument 2 passed to Admin\Model\DbMysqlInterfaceImplModel::getRow() must be of the type array, string given, called in /home/www/shop/admin.shop.com/Application/Admin/Service/NestedSetsService.class.php on line 571 and defined /home/www/shop/admin.shop.com/Application/Admin/Model/DbMysqlInterfaceImplModel.class.php 第 80 行.
NOTIC: [8] Undefined offset: 7 /home/www/shop/admin.shop.com/Application/Admin/Model/DbMysqlInterfaceImplModel.class.php 第 99 行.
SQL: SELECT parent_id, lft, rght, level FROM goods_category WHERE id = 11 [ RunTime:0.0015s ]
NOTIC: [4096] Argument 2 passed to Admin\Model\DbMysqlInterfaceImplModel::getRow() must be of the type array, string given, called in /home/www/shop/admin.shop.com/Application/Admin/Service/NestedSetsService.class.php on line 571 and defined /home/www/shop/admin.shop.com/Application/Admin/Model/DbMysqlInterfaceImplModel.class.php 第 80 行.
NOTIC: [8] Undefined offset: 7 /home/www/shop/admin.shop.com/Application/Admin/Model/DbMysqlInterfaceImplModel.class.php 第 99 行.
SQL: SELECT parent_id, lft, rght, level FROM goods_category WHERE id = 8 [ RunTime:0.0014s ]
NOTIC: [4096] Argument 2 passed to Admin\Model\DbMysqlInterfaceImplModel::query() must be of the type array, string given, called in /home/www/shop/admin.shop.com/Application/Admin/Service/NestedSetsService.class.php on line 468 and defined /home/www/shop/admin.shop.com/Application/Admin/Model/DbMysqlInterfaceImplModel.class.php 第 32 行.
NOTIC: [8] Undefined offset: 36 /home/www/shop/admin.shop.com/Application/Admin/Model/DbMysqlInterfaceImplModel.class.php 第 99 行.
SQL: 
				UPDATE goods_category
				SET
					lft = IF(
						rght <= 43,
						lft + 5,
						IF(
							lft > 43,
							lft - 10, lft
						)
					),
					level = IF(
						rght <= 43,
						level + -1,
						level
					),
					rght = IF(
						rght <= 43,
						rght + 5,
						IF(
							rght <= 48,
							rght - 10,
							rght
						)
					),
					parent_id = IF(
						id = 11,
						8,
						parent_id
					)
				WHERE
					rght > 34
					AND lft <= 48 [ RunTime:0.0017s ]
SQL: UPDATE `goods_category` SET `name`='测试移动和编辑',`parent_id`='8',`intro`='测试移动和修改',`status`='1',`sort`='21' WHERE `id` = 11 [ RunTime:0.0010s ]
INFO: [ view_parse ] --START--
INFO: [ template_filter ] --START--
INFO: Run Behavior\ContentReplaceBehavior [ RunTime:0.000157s ]
INFO: [ template_filter ] --END-- [ RunTime:0.000323s ]
INFO: Run Behavior\ParseTemplateBehavior [ RunTime:0.014777s ]
INFO: [ view_parse ] --END-- [ RunTime:0.015035s ]
INFO: [ view_filter ] --START--
INFO: Run Behavior\WriteHtmlCacheBehavior [ RunTime:0.000170s ]
INFO: [ view_filter ] --END-- [ RunTime:0.000302s ]
INFO: [ app_end ] --START--
INFO: Run Behavior\ShowPageTraceBehavior [ RunTime:0.000430s ]
INFO: [ app_end ] --END-- [ RunTime:0.000578s ]

[ 2015-11-08T03:48:57+08:00 ] 192.168.1.101 /GoodsCategory/index
INFO: [ app_init ] --START--
INFO: Run Behavior\BuildLiteBehavior [ RunTime:0.000222s ]
INFO: [ app_init ] --END-- [ RunTime:0.001810s ]
INFO: [ app_begin ] --START--
INFO: Run Behavior\ReadHtmlCacheBehavior [ RunTime:0.000462s ]
INFO: [ app_begin ] --END-- [ RunTime:0.000846s ]
NOTIC: [2048] Declaration of Admin\Model\GoodsCategoryModel::add() should be compatible with Think\Model::add($data = '', $options = Array, $replace = false) /home/www/shop/admin.shop.com/Application/Admin/Model/GoodsCategoryModel.class.php 第 9 行.
NOTIC: [2048] Declaration of Admin\Model\GoodsCategoryModel::save() should be compatible with Think\Model::save($data = '', $options = Array) /home/www/shop/admin.shop.com/Application/Admin/Model/GoodsCategoryModel.class.php 第 9 行.
SQL: SHOW COLUMNS FROM `goods_category` [ RunTime:0.0037s ]
SQL: SELECT * FROM `goods_category` WHERE ( status>=0 ) ORDER BY lft  [ RunTime:0.0029s ]
INFO: [ view_parse ] --START--
INFO: [ template_filter ] --START--
INFO: Run Behavior\ContentReplaceBehavior [ RunTime:0.000335s ]
INFO: [ template_filter ] --END-- [ RunTime:0.001326s ]
INFO: Run Behavior\ParseTemplateBehavior [ RunTime:0.060203s ]
INFO: [ view_parse ] --END-- [ RunTime:0.060935s ]
INFO: [ view_filter ] --START--
INFO: Run Behavior\WriteHtmlCacheBehavior [ RunTime:0.000481s ]
INFO: [ view_filter ] --END-- [ RunTime:0.000667s ]
INFO: [ app_end ] --START--
INFO: Run Behavior\ShowPageTraceBehavior [ RunTime:0.000287s ]
INFO: [ app_end ] --END-- [ RunTime:0.000401s ]

[ 2015-11-08T03:49:03+08:00 ] 192.168.1.101 /index.php/GoodsCategory/changeStatus/id/9/status/0.html
INFO: [ app_init ] --START--
INFO: Run Behavior\BuildLiteBehavior [ RunTime:0.000076s ]
INFO: [ app_init ] --END-- [ RunTime:0.001178s ]
INFO: [ app_begin ] --START--
INFO: Run Behavior\ReadHtmlCacheBehavior [ RunTime:0.000563s ]
INFO: [ app_begin ] --END-- [ RunTime:0.000892s ]
NOTIC: [2048] Declaration of Admin\Model\GoodsCategoryModel::add() should be compatible with Think\Model::add($data = '', $options = Array, $replace = false) /home/www/shop/admin.shop.com/Application/Admin/Model/GoodsCategoryModel.class.php 第 9 行.
NOTIC: [2048] Declaration of Admin\Model\GoodsCategoryModel::save() should be compatible with Think\Model::save($data = '', $options = Array) /home/www/shop/admin.shop.com/Application/Admin/Model/GoodsCategoryModel.class.php 第 9 行.
SQL: SHOW COLUMNS FROM `goods_category` [ RunTime:0.0049s ]
SQL: select  child.id   from goods_category as parent,goods_category as child where child.lft>=parent.lft and child.rght<=parent.rght and parent.id = 9 [ RunTime:0.0023s ]
SQL: UPDATE `goods_category` SET `status`='0' WHERE `id` IN ('1','2','3','9','19') [ RunTime:0.0022s ]

[ 2015-11-08T03:49:04+08:00 ] 192.168.1.101 /GoodsCategory/index
INFO: [ app_init ] --START--
INFO: Run Behavior\BuildLiteBehavior [ RunTime:0.000050s ]
INFO: [ app_init ] --END-- [ RunTime:0.000914s ]
INFO: [ app_begin ] --START--
INFO: Run Behavior\ReadHtmlCacheBehavior [ RunTime:0.000382s ]
INFO: [ app_begin ] --END-- [ RunTime:0.000742s ]
NOTIC: [2048] Declaration of Admin\Model\GoodsCategoryModel::add() should be compatible with Think\Model::add($data = '', $options = Array, $replace = false) /home/www/shop/admin.shop.com/Application/Admin/Model/GoodsCategoryModel.class.php 第 9 行.
NOTIC: [2048] Declaration of Admin\Model\GoodsCategoryModel::save() should be compatible with Think\Model::save($data = '', $options = Array) /home/www/shop/admin.shop.com/Application/Admin/Model/GoodsCategoryModel.class.php 第 9 行.
SQL: SHOW COLUMNS FROM `goods_category` [ RunTime:0.0041s ]
SQL: SELECT * FROM `goods_category` WHERE ( status>=0 ) ORDER BY lft  [ RunTime:0.0012s ]
INFO: [ view_parse ] --START--
INFO: [ template_filter ] --START--
INFO: Run Behavior\ContentReplaceBehavior [ RunTime:0.000254s ]
INFO: [ template_filter ] --END-- [ RunTime:0.000968s ]
INFO: Run Behavior\ParseTemplateBehavior [ RunTime:0.033310s ]
INFO: [ view_parse ] --END-- [ RunTime:0.033921s ]
INFO: [ view_filter ] --START--
INFO: Run Behavior\WriteHtmlCacheBehavior [ RunTime:0.000202s ]
INFO: [ view_filter ] --END-- [ RunTime:0.000425s ]
INFO: [ app_end ] --START--
INFO: Run Behavior\ShowPageTraceBehavior [ RunTime:0.000502s ]
INFO: [ app_end ] --END-- [ RunTime:0.000681s ]

[ 2015-11-08T03:49:06+08:00 ] 192.168.1.101 /index.php/GoodsCategory/changeStatus/id/9/status/1.html
INFO: [ app_init ] --START--
INFO: Run Behavior\BuildLiteBehavior [ RunTime:0.000049s ]
INFO: [ app_init ] --END-- [ RunTime:0.000909s ]
INFO: [ app_begin ] --START--
INFO: Run Behavior\ReadHtmlCacheBehavior [ RunTime:0.000375s ]
INFO: [ app_begin ] --END-- [ RunTime:0.000683s ]
NOTIC: [2048] Declaration of Admin\Model\GoodsCategoryModel::add() should be compatible with Think\Model::add($data = '', $options = Array, $replace = false) /home/www/shop/admin.shop.com/Application/Admin/Model/GoodsCategoryModel.class.php 第 9 行.
NOTIC: [2048] Declaration of Admin\Model\GoodsCategoryModel::save() should be compatible with Think\Model::save($data = '', $options = Array) /home/www/shop/admin.shop.com/Application/Admin/Model/GoodsCategoryModel.class.php 第 9 行.
SQL: SHOW COLUMNS FROM `goods_category` [ RunTime:0.0028s ]
SQL: select  child.id   from goods_category as parent,goods_category as child where child.lft>=parent.lft and child.rght<=parent.rght and parent.id = 9 [ RunTime:0.0012s ]
SQL: UPDATE `goods_category` SET `status`='1' WHERE `id` IN ('1','2','3','9','19') [ RunTime:0.0047s ]

[ 2015-11-08T03:49:07+08:00 ] 192.168.1.101 /GoodsCategory/index
INFO: [ app_init ] --START--
INFO: Run Behavior\BuildLiteBehavior [ RunTime:0.000049s ]
INFO: [ app_init ] --END-- [ RunTime:0.000875s ]
INFO: [ app_begin ] --START--
INFO: Run Behavior\ReadHtmlCacheBehavior [ RunTime:0.000472s ]
INFO: [ app_begin ] --END-- [ RunTime:0.000744s ]
NOTIC: [2048] Declaration of Admin\Model\GoodsCategoryModel::add() should be compatible with Think\Model::add($data = '', $options = Array, $replace = false) /home/www/shop/admin.shop.com/Application/Admin/Model/GoodsCategoryModel.class.php 第 9 行.
NOTIC: [2048] Declaration of Admin\Model\GoodsCategoryModel::save() should be compatible with Think\Model::save($data = '', $options = Array) /home/www/shop/admin.shop.com/Application/Admin/Model/GoodsCategoryModel.class.php 第 9 行.
SQL: SHOW COLUMNS FROM `goods_category` [ RunTime:0.0042s ]
SQL: SELECT * FROM `goods_category` WHERE ( status>=0 ) ORDER BY lft  [ RunTime:0.0016s ]
INFO: [ view_parse ] --START--
INFO: [ template_filter ] --START--
INFO: Run Behavior\ContentReplaceBehavior [ RunTime:0.000340s ]
INFO: [ template_filter ] --END-- [ RunTime:0.000728s ]
INFO: Run Behavior\ParseTemplateBehavior [ RunTime:0.033371s ]
INFO: [ view_parse ] --END-- [ RunTime:0.033804s ]
INFO: [ view_filter ] --START--
INFO: Run Behavior\WriteHtmlCacheBehavior [ RunTime:0.000175s ]
INFO: [ view_filter ] --END-- [ RunTime:0.000288s ]
INFO: [ app_end ] --START--
INFO: Run Behavior\ShowPageTraceBehavior [ RunTime:0.000336s ]
INFO: [ app_end ] --END-- [ RunTime:0.000445s ]

[ 2015-11-08T03:52:41+08:00 ] 192.168.1.101 /GoodsCategory/index
INFO: [ app_init ] --START--
INFO: Run Behavior\BuildLiteBehavior [ RunTime:0.000076s ]
INFO: [ app_init ] --END-- [ RunTime:0.001212s ]
INFO: [ app_begin ] --START--
INFO: Run Behavior\ReadHtmlCacheBehavior [ RunTime:0.000742s ]
INFO: [ app_begin ] --END-- [ RunTime:0.001195s ]
NOTIC: [2048] Declaration of Admin\Model\GoodsCategoryModel::add() should be compatible with Think\Model::add($data = '', $options = Array, $replace = false) /home/www/shop/admin.shop.com/Application/Admin/Model/GoodsCategoryModel.class.php 第 9 行.
NOTIC: [2048] Declaration of Admin\Model\GoodsCategoryModel::save() should be compatible with Think\Model::save($data = '', $options = Array) /home/www/shop/admin.shop.com/Application/Admin/Model/GoodsCategoryModel.class.php 第 9 行.
SQL: SHOW COLUMNS FROM `goods_category` [ RunTime:0.0051s ]
SQL: SELECT * FROM `goods_category` WHERE ( status>=0 ) ORDER BY lft  [ RunTime:0.0023s ]
INFO: [ view_parse ] --START--
INFO: [ template_filter ] --START--
INFO: Run Behavior\ContentReplaceBehavior [ RunTime:0.000349s ]
INFO: [ template_filter ] --END-- [ RunTime:0.000883s ]
INFO: Run Behavior\ParseTemplateBehavior [ RunTime:0.051815s ]
INFO: [ view_parse ] --END-- [ RunTime:0.052648s ]
INFO: [ view_filter ] --START--
INFO: Run Behavior\WriteHtmlCacheBehavior [ RunTime:0.000259s ]
INFO: [ view_filter ] --END-- [ RunTime:0.000431s ]
INFO: [ app_end ] --START--
INFO: Run Behavior\ShowPageTraceBehavior [ RunTime:0.000421s ]
INFO: [ app_end ] --END-- [ RunTime:0.000657s ]

[ 2015-11-08T03:52:44+08:00 ] 192.168.1.101 /favicon.ico
INFO: [ app_init ] --START--
INFO: Run Behavior\BuildLiteBehavior [ RunTime:0.000069s ]
INFO: [ app_init ] --END-- [ RunTime:0.001165s ]

